     1                                  bits 32                                                                                         
     2                                  global start        
     3                                  extern exit               
     4                                  import exit msvcrt.dll    
     5                                                            
     6                                  segment data use32 class=data
     7 00000000 <res 00000002>              a resw 1
     8                                  
     9                                  segment code use32 class=code
    10                                      start:
    11                                      
    12                                      
    13 00000000 66B8FFFF                       mov ax, -1
    14 00000004 B701                           mov bh, 1
    15 00000006 F6F7                           div bh
    16                                      
    17                                      
    18                                      
    19                                      
    20                                      
    21                                      
    22                                      
    23                                      
    24                                      
    25                                      
    26                                      
    27                                      
    28                                      
    29                                      
    30                                      
    31                                      
    32                                      
    33                                      
    34                                      
    35                                      
    36 00000008 6A00                            push    dword 0      ; push the parameter for exit onto the stack
    37 0000000A FF15[00000000]                  call    [exit]       ; call exit to terminate the program
